chktex exit: 0
Rc files read:
  /usr/local/share/latexmk/LatexMk
Latexmk: This is Latexmk, John Collins, 17 Mar. 2022. Version 4.77, version: 4.77.
Latexmk: Changing directory to '/compile/'
------------
Running 'internal overleaf_pre_process "FWC ASSIGNMENT1.tex" "output.pdf"'
------------
Latexmk: calling overleaf_pre_process( "FWC ASSIGNMENT1.tex" "output.pdf" )
Latexmk: applying rule 'latex'...
Rule 'latex': File changes, etc:
   Changed files, or newly in use since previous run(s):
  FWC ASSIGNMENT1.tex
Rule 'latex': The following rules & subrules became out-of-date:
  latex
------------
Run number 1 of rule 'latex'
------------
------------
Running 'latex  -synctex=1 -interaction=batchmode -recorder --jobname="output"  "FWC ASSIGNMENT1.tex"'
------------
This is pdfTeX, Version 3.141592653-2.6-1.40.24 (TeX Live 2022) (preloaded format=latex)
 \write18 enabled.
entering extended mode
Latexmk: Getting log file 'output.log'
Latexmk: Examining 'output.fls'
Latexmk: Examining 'output.log'
Latexmk: References changed.
Latexmk: References changed.
Latexmk: Log file says output to 'output.dvi'
Latexmk: applying rule 'latex'...
Rule 'latex': File changes, etc:
   Changed files, or newly in use since previous run(s):
  output.aux
Rule 'latex': The following rules & subrules became out-of-date:
  latex
------------
Run number 2 of rule 'latex'
------------
------------
Running 'latex  -synctex=1 -interaction=batchmode -recorder --jobname="output"  "FWC ASSIGNMENT1.tex"'
------------
This is pdfTeX, Version 3.141592653-2.6-1.40.24 (TeX Live 2022) (preloaded format=latex)
 \write18 enabled.
entering extended mode
Latexmk: Getting log file 'output.log'
Latexmk: Examining 'output.fls'
Latexmk: Examining 'output.log'
Latexmk: Log file says output to 'output.dvi'
Latexmk: applying rule 'dvipdf'...
Rule 'dvipdf': File changes, etc:
   Changed files, or newly in use since previous run(s):
  output.dvi
   Rule(s) that have been run and require run of dependent rule:
      'latex' which requires run of 'dvipdf'
Rule 'dvipdf': The following rules & subrules became out-of-date:
  dvipdf
------------
Run number 1 of rule 'dvipdf'
------------
------------
Running 'dvipdf -dNOSAFER -dALLOWPSTRANSPARENCY  "output.dvi" "output.pdf"'
------------
Latexmk: Errors, in force_mode: so I tried finishing targets
------------
Running 'internal overleaf_post_process "FWC ASSIGNMENT1.tex" "output.pdf"'
------------
Latexmk: calling overleaf_post_process( "FWC ASSIGNMENT1.tex" "output.pdf" )
qpdf exit code=0
Renaming optimised file to output.pdf
Extracting xref table for output.pdf
qpdf --show-xref exit code=0
Collected error summary (may duplicate other messages):
  latex: Command for 'latex' gave return code 1
      Refer to 'output.log' for details
Latexmk: Undoing directory change
